<?xml version="1.0" encoding="UTF-8"?>
<coverage generated="1654809781787" clover="3.2.0">
  <project timestamp="1654809781787" name="All files">
    <metrics statements="34" coveredstatements="9" conditionals="2" coveredconditionals="0" methods="11" coveredmethods="3" elements="47" coveredelements="12" complexity="0" loc="34" ncloc="34" packages="1" files="1" classes="1"/>
    <file name="api.js" path="/Users/richardsigl/Desktop/ALL SD Files/all-git-repos/FutureProof Lessons/lap-1/Project Week/Community Blog Project/Client/FP-Story-Mashups/js/api.js">
      <metrics statements="34" coveredstatements="9" conditionals="2" coveredconditionals="0" methods="11" coveredmethods="3"/>
      <line num="3" count="1" type="stmt"/>
      <line num="5" count="1" type="stmt"/>
      <line num="7" count="1" type="stmt"/>
      <line num="18" count="0" type="stmt"/>
      <line num="20" count="0" type="stmt"/>
      <line num="21" count="0" type="stmt"/>
      <line num="22" count="0" type="stmt"/>
      <line num="23" count="0" type="cond" truecount="0" falsecount="2"/>
      <line num="24" count="0" type="stmt"/>
      <line num="28" count="0" type="stmt"/>
      <line num="29" count="0" type="stmt"/>
      <line num="41" count="0" type="stmt"/>
      <line num="55" count="0" type="stmt"/>
      <line num="57" count="0" type="stmt"/>
      <line num="61" count="0" type="stmt"/>
      <line num="63" count="0" type="stmt"/>
      <line num="64" count="0" type="stmt"/>
      <line num="66" count="0" type="stmt"/>
      <line num="70" count="1" type="stmt"/>
      <line num="74" count="1" type="stmt"/>
      <line num="76" count="0" type="stmt"/>
      <line num="78" count="0" type="stmt"/>
      <line num="79" count="0" type="stmt"/>
      <line num="80" count="0" type="stmt"/>
      <line num="84" count="0" type="stmt"/>
      <line num="122" count="0" type="stmt"/>
      <line num="125" count="1" type="stmt"/>
      <line num="128" count="1" type="stmt"/>
      <line num="129" count="1" type="stmt"/>
      <line num="132" count="0" type="stmt"/>
      <line num="149" count="0" type="stmt"/>
      <line num="152" count="1" type="stmt"/>
      <line num="153" count="0" type="stmt"/>
      <line num="155" count="0" type="stmt"/>
    </file>
  </project>
</coverage>
