{"/Users/richardsigl/Desktop/ALL SD Files/all-git-repos/FutureProof Lessons/lap-1/Project Week/Community Blog Project/Client/FP-Story-Mashups/js/api.js": {"path":"/Users/richardsigl/Desktop/ALL SD Files/all-git-repos/FutureProof Lessons/lap-1/Project Week/Community Blog Project/Client/FP-Story-Mashups/js/api.js","statementMap":{"0":{"start":{"line":5,"column":18},"end":{"line":5,"column":65}},"1":{"start":{"line":8,"column":16},"end":{"line":8,"column":50}},"2":{"start":{"line":10,"column":19},"end":{"line":16,"column":1}},"3":{"start":{"line":24,"column":4},"end":{"line":24,"column":23}},"4":{"start":{"line":25,"column":24},"end":{"line":25,"column":96}},"5":{"start":{"line":27,"column":21},"end":{"line":27,"column":53}},"6":{"start":{"line":28,"column":4},"end":{"line":28,"column":26}},"7":{"start":{"line":40,"column":20},"end":{"line":51,"column":5}},"8":{"start":{"line":53,"column":4},"end":{"line":53,"column":22}},"9":{"start":{"line":55,"column":18},"end":{"line":61,"column":35}},"10":{"start":{"line":56,"column":17},"end":{"line":56,"column":27}},"11":{"start":{"line":58,"column":8},"end":{"line":58,"column":19}},"12":{"start":{"line":59,"column":8},"end":{"line":59,"column":25}},"13":{"start":{"line":61,"column":18},"end":{"line":61,"column":34}},"14":{"start":{"line":71,"column":13},"end":{"line":115,"column":35}},"15":{"start":{"line":72,"column":18},"end":{"line":72,"column":29}},"16":{"start":{"line":74,"column":26},"end":{"line":74,"column":71}},"17":{"start":{"line":76,"column":24},"end":{"line":76,"column":38}},"18":{"start":{"line":77,"column":29},"end":{"line":109,"column":9}},"19":{"start":{"line":78,"column":12},"end":{"line":107,"column":41}},"20":{"start":{"line":78,"column":77},"end":{"line":107,"column":19}},"21":{"start":{"line":112,"column":8},"end":{"line":112,"column":47}},"22":{"start":{"line":115,"column":18},"end":{"line":115,"column":34}},"23":{"start":{"line":119,"column":0},"end":{"line":119,"column":11}},"24":{"start":{"line":120,"column":0},"end":{"line":120,"column":47}},"25":{"start":{"line":123,"column":21},"end":{"line":137,"column":6}},"26":{"start":{"line":138,"column":4},"end":{"line":138,"column":27}},"27":{"start":{"line":154,"column":0},"end":{"line":154,"column":42}}},"fnMap":{"0":{"name":"sendPost","decl":{"start":{"line":22,"column":9},"end":{"line":22,"column":17}},"loc":{"start":{"line":22,"column":21},"end":{"line":67,"column":1}},"line":22},"1":{"name":"(anonymous_1)","decl":{"start":{"line":56,"column":10},"end":{"line":56,"column":11}},"loc":{"start":{"line":56,"column":17},"end":{"line":56,"column":27}},"line":56},"2":{"name":"(anonymous_2)","decl":{"start":{"line":57,"column":10},"end":{"line":57,"column":11}},"loc":{"start":{"line":57,"column":18},"end":{"line":60,"column":5}},"line":57},"3":{"name":"(anonymous_3)","decl":{"start":{"line":61,"column":11},"end":{"line":61,"column":12}},"loc":{"start":{"line":61,"column":18},"end":{"line":61,"column":34}},"line":61},"4":{"name":"renderMsg","decl":{"start":{"line":69,"column":9},"end":{"line":69,"column":18}},"loc":{"start":{"line":69,"column":20},"end":{"line":117,"column":1}},"line":69},"5":{"name":"(anonymous_5)","decl":{"start":{"line":72,"column":10},"end":{"line":72,"column":11}},"loc":{"start":{"line":72,"column":18},"end":{"line":72,"column":29}},"line":72},"6":{"name":"(anonymous_6)","decl":{"start":{"line":73,"column":10},"end":{"line":73,"column":11}},"loc":{"start":{"line":73,"column":18},"end":{"line":113,"column":5}},"line":73},"7":{"name":"(anonymous_7)","decl":{"start":{"line":77,"column":29},"end":{"line":77,"column":30}},"loc":{"start":{"line":77,"column":46},"end":{"line":109,"column":9}},"line":77},"8":{"name":"(anonymous_8)","decl":{"start":{"line":78,"column":63},"end":{"line":78,"column":64}},"loc":{"start":{"line":78,"column":77},"end":{"line":107,"column":19}},"line":78},"9":{"name":"(anonymous_9)","decl":{"start":{"line":115,"column":11},"end":{"line":115,"column":12}},"loc":{"start":{"line":115,"column":18},"end":{"line":115,"column":34}},"line":115},"10":{"name":"addGif","decl":{"start":{"line":122,"column":9},"end":{"line":122,"column":15}},"loc":{"start":{"line":122,"column":21},"end":{"line":139,"column":1}},"line":122}},"branchMap":{},"s":{"0":1,"1":1,"2":1,"3":0,"4":0,"5":0,"6":0,"7":0,"8":0,"9":0,"10":0,"11":0,"12":0,"13":0,"14":1,"15":1,"16":0,"17":0,"18":0,"19":0,"20":0,"21":0,"22":1,"23":1,"24":1,"25":0,"26":0,"27":1},"f":{"0":0,"1":0,"2":0,"3":0,"4":1,"5":1,"6":0,"7":0,"8":0,"9":1,"10":0},"b":{},"_coverageSchema":"1a1c01bbd47fc00a2c39e90264f33305004495a9","hash":"73180fb97ed6783644a14c3e482619216beebdfd"}
,"/Users/richardsigl/Desktop/ALL SD Files/all-git-repos/FutureProof Lessons/lap-1/Project Week/Community Blog Project/Client/FP-Story-Mashups/js/index.js": {"path":"/Users/richardsigl/Desktop/ALL SD Files/all-git-repos/FutureProof Lessons/lap-1/Project Week/Community Blog Project/Client/FP-Story-Mashups/js/index.js","statementMap":{"0":{"start":{"line":10,"column":20},"end":{"line":16,"column":5}},"1":{"start":{"line":18,"column":8},"end":{"line":49,"column":7}},"2":{"start":{"line":19,"column":12},"end":{"line":19,"column":31}},"3":{"start":{"line":21,"column":18},"end":{"line":21,"column":67}},"4":{"start":{"line":22,"column":18},"end":{"line":22,"column":140}},"5":{"start":{"line":24,"column":8},"end":{"line":24,"column":25}},"6":{"start":{"line":25,"column":8},"end":{"line":48,"column":14}},"7":{"start":{"line":26,"column":26},"end":{"line":26,"column":37}},"8":{"start":{"line":28,"column":16},"end":{"line":28,"column":37}},"9":{"start":{"line":31,"column":16},"end":{"line":31,"column":50}},"10":{"start":{"line":32,"column":26},"end":{"line":32,"column":58}},"11":{"start":{"line":33,"column":26},"end":{"line":33,"column":55}},"12":{"start":{"line":34,"column":25},"end":{"line":34,"column":61}},"13":{"start":{"line":35,"column":32},"end":{"line":35,"column":68}},"14":{"start":{"line":36,"column":16},"end":{"line":36,"column":63}},"15":{"start":{"line":37,"column":16},"end":{"line":37,"column":45}},"16":{"start":{"line":38,"column":16},"end":{"line":38,"column":52}},"17":{"start":{"line":39,"column":16},"end":{"line":39,"column":37}},"18":{"start":{"line":40,"column":16},"end":{"line":40,"column":36}},"19":{"start":{"line":41,"column":16},"end":{"line":41,"column":67}},"20":{"start":{"line":42,"column":16},"end":{"line":42,"column":64}},"21":{"start":{"line":43,"column":16},"end":{"line":43,"column":30}},"22":{"start":{"line":47,"column":16},"end":{"line":47,"column":33}},"23":{"start":{"line":51,"column":4},"end":{"line":51,"column":56}}},"fnMap":{"0":{"name":"init","decl":{"start":{"line":8,"column":9},"end":{"line":8,"column":13}},"loc":{"start":{"line":8,"column":20},"end":{"line":50,"column":5}},"line":8},"1":{"name":"(anonymous_1)","decl":{"start":{"line":18,"column":72},"end":{"line":18,"column":73}},"loc":{"start":{"line":18,"column":77},"end":{"line":49,"column":5}},"line":18},"2":{"name":"(anonymous_2)","decl":{"start":{"line":26,"column":18},"end":{"line":26,"column":19}},"loc":{"start":{"line":26,"column":26},"end":{"line":26,"column":37}},"line":26},"3":{"name":"(anonymous_3)","decl":{"start":{"line":27,"column":18},"end":{"line":27,"column":19}},"loc":{"start":{"line":27,"column":29},"end":{"line":45,"column":13}},"line":27},"4":{"name":"(anonymous_4)","decl":{"start":{"line":46,"column":19},"end":{"line":46,"column":20}},"loc":{"start":{"line":46,"column":26},"end":{"line":48,"column":13}},"line":46}},"branchMap":{},"s":{"0":0,"1":0,"2":0,"3":0,"4":0,"5":0,"6":0,"7":0,"8":0,"9":0,"10":0,"11":0,"12":0,"13":0,"14":0,"15":0,"16":0,"17":0,"18":0,"19":0,"20":0,"21":0,"22":0,"23":1},"f":{"0":0,"1":0,"2":0,"3":0,"4":0},"b":{},"_coverageSchema":"1a1c01bbd47fc00a2c39e90264f33305004495a9","hash":"afc7fbfcf328d19cc0bf5e87ca1e56844e1b7ec1"}
}
