{"/Users/richardsigl/Desktop/ALL SD Files/all-git-repos/FutureProof Lessons/lap-1/Project Week/Community Blog Project/Client/FP-Story-Mashups/js/api.js": {"path":"/Users/richardsigl/Desktop/ALL SD Files/all-git-repos/FutureProof Lessons/lap-1/Project Week/Community Blog Project/Client/FP-Story-Mashups/js/api.js","statementMap":{"0":{"start":{"line":3,"column":18},"end":{"line":3,"column":65}},"1":{"start":{"line":5,"column":16},"end":{"line":5,"column":50}},"2":{"start":{"line":7,"column":19},"end":{"line":13,"column":1}},"3":{"start":{"line":18,"column":2},"end":{"line":18,"column":21}},"4":{"start":{"line":20,"column":4},"end":{"line":20,"column":76}},"5":{"start":{"line":21,"column":2},"end":{"line":21,"column":76}},"6":{"start":{"line":22,"column":17},"end":{"line":22,"column":19}},"7":{"start":{"line":23,"column":2},"end":{"line":25,"column":3}},"8":{"start":{"line":24,"column":4},"end":{"line":24,"column":54}},"9":{"start":{"line":28,"column":19},"end":{"line":28,"column":51}},"10":{"start":{"line":29,"column":2},"end":{"line":29,"column":24}},"11":{"start":{"line":41,"column":18},"end":{"line":53,"column":3}},"12":{"start":{"line":55,"column":2},"end":{"line":55,"column":20}},"13":{"start":{"line":57,"column":16},"end":{"line":66,"column":37}},"14":{"start":{"line":61,"column":19},"end":{"line":61,"column":29}},"15":{"start":{"line":63,"column":6},"end":{"line":63,"column":18}},"16":{"start":{"line":64,"column":6},"end":{"line":64,"column":24}},"17":{"start":{"line":66,"column":20},"end":{"line":66,"column":36}},"18":{"start":{"line":70,"column":15},"end":{"line":125,"column":37}},"19":{"start":{"line":74,"column":20},"end":{"line":74,"column":31}},"20":{"start":{"line":76,"column":24},"end":{"line":76,"column":69}},"21":{"start":{"line":78,"column":26},"end":{"line":78,"column":40}},"22":{"start":{"line":79,"column":26},"end":{"line":119,"column":7}},"23":{"start":{"line":80,"column":8},"end":{"line":118,"column":10}},"24":{"start":{"line":84,"column":30},"end":{"line":114,"column":19}},"25":{"start":{"line":122,"column":6},"end":{"line":122,"column":46}},"26":{"start":{"line":125,"column":20},"end":{"line":125,"column":36}},"27":{"start":{"line":128,"column":0},"end":{"line":128,"column":12}},"28":{"start":{"line":129,"column":0},"end":{"line":129,"column":47}},"29":{"start":{"line":132,"column":19},"end":{"line":148,"column":3}},"30":{"start":{"line":149,"column":2},"end":{"line":149,"column":25}},"31":{"start":{"line":155,"column":0},"end":{"line":155,"column":42}}},"fnMap":{"0":{"name":"sendPost","decl":{"start":{"line":17,"column":9},"end":{"line":17,"column":17}},"loc":{"start":{"line":17,"column":21},"end":{"line":67,"column":1}},"line":17},"1":{"name":"(anonymous_1)","decl":{"start":{"line":61,"column":10},"end":{"line":61,"column":11}},"loc":{"start":{"line":61,"column":19},"end":{"line":61,"column":29}},"line":61},"2":{"name":"(anonymous_2)","decl":{"start":{"line":62,"column":10},"end":{"line":62,"column":11}},"loc":{"start":{"line":62,"column":20},"end":{"line":65,"column":5}},"line":62},"3":{"name":"(anonymous_3)","decl":{"start":{"line":66,"column":11},"end":{"line":66,"column":12}},"loc":{"start":{"line":66,"column":20},"end":{"line":66,"column":36}},"line":66},"4":{"name":"renderMsg","decl":{"start":{"line":69,"column":9},"end":{"line":69,"column":18}},"loc":{"start":{"line":69,"column":21},"end":{"line":126,"column":1}},"line":69},"5":{"name":"(anonymous_5)","decl":{"start":{"line":74,"column":10},"end":{"line":74,"column":11}},"loc":{"start":{"line":74,"column":20},"end":{"line":74,"column":31}},"line":74},"6":{"name":"(anonymous_6)","decl":{"start":{"line":75,"column":10},"end":{"line":75,"column":11}},"loc":{"start":{"line":75,"column":20},"end":{"line":123,"column":5}},"line":75},"7":{"name":"(anonymous_7)","decl":{"start":{"line":79,"column":26},"end":{"line":79,"column":27}},"loc":{"start":{"line":79,"column":43},"end":{"line":119,"column":7}},"line":79},"8":{"name":"(anonymous_8)","decl":{"start":{"line":84,"column":14},"end":{"line":84,"column":15}},"loc":{"start":{"line":84,"column":30},"end":{"line":114,"column":19}},"line":84},"9":{"name":"(anonymous_9)","decl":{"start":{"line":125,"column":11},"end":{"line":125,"column":12}},"loc":{"start":{"line":125,"column":20},"end":{"line":125,"column":36}},"line":125},"10":{"name":"addGif","decl":{"start":{"line":131,"column":9},"end":{"line":131,"column":15}},"loc":{"start":{"line":131,"column":21},"end":{"line":150,"column":1}},"line":131}},"branchMap":{"0":{"loc":{"start":{"line":23,"column":2},"end":{"line":25,"column":3}},"type":"if","locations":[{"start":{"line":23,"column":2},"end":{"line":25,"column":3}},{"start":{},"end":{}}],"line":23}},"s":{"0":1,"1":1,"2":1,"3":0,"4":0,"5":0,"6":0,"7":0,"8":0,"9":0,"10":0,"11":0,"12":0,"13":0,"14":0,"15":0,"16":0,"17":0,"18":1,"19":1,"20":0,"21":0,"22":0,"23":0,"24":0,"25":0,"26":1,"27":1,"28":1,"29":0,"30":0,"31":1},"f":{"0":0,"1":0,"2":0,"3":0,"4":1,"5":1,"6":0,"7":0,"8":0,"9":1,"10":0},"b":{"0":[0,0]},"_coverageSchema":"1a1c01bbd47fc00a2c39e90264f33305004495a9","hash":"c0ec603a13ab5e74a08798c144bd00521c0a8914"}
}
