TN:
SF:js/api.js
FN:17,sendPost
FN:61,(anonymous_1)
FN:62,(anonymous_2)
FN:66,(anonymous_3)
FN:69,renderMsg
FN:74,(anonymous_5)
FN:75,(anonymous_6)
FN:79,(anonymous_7)
FN:84,(anonymous_8)
FN:125,(anonymous_9)
FN:131,addGif
FNF:11
FNH:3
FNDA:0,sendPost
FNDA:0,(anonymous_1)
FNDA:0,(anonymous_2)
FNDA:0,(anonymous_3)
FNDA:1,renderMsg
FNDA:1,(anonymous_5)
FNDA:0,(anonymous_6)
FNDA:0,(anonymous_7)
FNDA:0,(anonymous_8)
FNDA:1,(anonymous_9)
FNDA:0,addGif
DA:3,1
DA:5,1
DA:7,1
DA:18,0
DA:20,0
DA:21,0
DA:22,0
DA:23,0
DA:24,0
DA:28,0
DA:29,0
DA:41,0
DA:55,0
DA:57,0
DA:61,0
DA:63,0
DA:64,0
DA:66,0
DA:70,1
DA:74,1
DA:76,0
DA:78,0
DA:79,0
DA:80,0
DA:84,0
DA:122,0
DA:125,1
DA:128,1
DA:129,1
DA:132,0
DA:149,0
DA:152,1
DA:153,0
DA:155,0
LF:34
LH:9
BRDA:23,0,0,0
BRDA:23,0,1,0
BRF:2
BRH:0
end_of_record
