TN:
SF:js/api.js
FN:22,sendPost
FN:56,(anonymous_1)
FN:57,(anonymous_2)
FN:61,(anonymous_3)
FN:69,renderMsg
FN:72,(anonymous_5)
FN:73,(anonymous_6)
FN:77,(anonymous_7)
FN:78,(anonymous_8)
FN:115,(anonymous_9)
FN:122,addGif
FNF:11
FNH:3
FNDA:0,sendPost
FNDA:0,(anonymous_1)
FNDA:0,(anonymous_2)
FNDA:0,(anonymous_3)
FNDA:1,renderMsg
FNDA:1,(anonymous_5)
FNDA:0,(anonymous_6)
FNDA:0,(anonymous_7)
FNDA:0,(anonymous_8)
FNDA:1,(anonymous_9)
FNDA:0,addGif
DA:5,1
DA:8,1
DA:10,1
DA:24,0
DA:25,0
DA:27,0
DA:28,0
DA:40,0
DA:53,0
DA:55,0
DA:56,0
DA:58,0
DA:59,0
DA:61,0
DA:71,1
DA:72,1
DA:74,0
DA:76,0
DA:77,0
DA:78,0
DA:112,0
DA:115,1
DA:119,1
DA:120,1
DA:123,0
DA:138,0
DA:154,1
LF:27
LH:9
BRF:0
BRH:0
end_of_record
TN:
SF:js/index.js
FN:8,init
FN:18,(anonymous_1)
FN:26,(anonymous_2)
FN:27,(anonymous_3)
FN:46,(anonymous_4)
FNF:5
FNH:0
FNDA:0,init
FNDA:0,(anonymous_1)
FNDA:0,(anonymous_2)
FNDA:0,(anonymous_3)
FNDA:0,(anonymous_4)
DA:10,0
DA:18,0
DA:19,0
DA:21,0
DA:22,0
DA:24,0
DA:25,0
DA:26,0
DA:28,0
DA:31,0
DA:32,0
DA:33,0
DA:34,0
DA:35,0
DA:36,0
DA:37,0
DA:38,0
DA:39,0
DA:40,0
DA:41,0
DA:42,0
DA:43,0
DA:47,0
DA:51,1
LF:24
LH:1
BRF:0
BRH:0
end_of_record
